This file contains any messages produced by compilers while
running configure, to aid debugging if configure makes a mistake.

It was created by configure, which was
generated by GNU Autoconf 2.69.  Invocation command line was

  $ ./configure --disable-option-checking --prefix=/usr/local --cache-file=/dev/null --srcdir=.

## --------- ##
## Platform. ##
## --------- ##

hostname = oishii
uname -m = i686
uname -r = 2.6.32-5-686
uname -s = Linux
uname -v = #1 SMP Sun May 6 04:01:19 UTC 2012

/usr/bin/uname -p = unknown
/bin/uname -X     = unknown

/bin/arch              = unknown
/usr/bin/arch -k       = unknown
/usr/convex/getsysinfo = unknown
/usr/bin/hostinfo      = unknown
/bin/machine           = unknown
/usr/bin/oslevel       = unknown
/bin/universe          = unknown

PATH: /home/john/exc/jdk1.7.0_45/bin
PATH: /home/john/Downloads/apache-maven-3.2.1/bin
PATH: /home/john/exc/hadoop-2.2.0/bin
PATH: /home/john/exc/hadoop-2.2.0/sbin
PATH: /home/john/exc/hbase-0.98.1-hadoop2/bin
PATH: /home/john/exc/jdk1.7.0_45/bin
PATH: /home/john/Downloads/apache-maven-3.2.1/bin
PATH: /home/john/exc/hadoop-2.2.0/bin
PATH: /home/john/exc/hadoop-2.2.0/sbin
PATH: /home/john/Downloads/jdk1.7.0_45/bin
PATH: /home/john/Downloads/apache-maven-3.2.1/bin
PATH: /home/john/exc/hadoop-2.2.0/bin
PATH: /home/john/exc/hadoop-2.2.0/sbin
PATH: /usr/local/bin
PATH: /usr/bin
PATH: /bin
PATH: /usr/local/games
PATH: /usr/games
PATH: /home/john/scripties
PATH: /home/john/downloads/apache-ant-1.8.3/bin
PATH: /home/john/scripties
PATH: /home/john/downloads/apache-ant-1.8.3/bin
PATH: /home/john/scripties
PATH: /home/john/downloads/apache-ant-1.8.3/bin
PATH: /home/john/Downloads/gradle-1.11/bin


## ----------- ##
## Core tests. ##
## ----------- ##

configure:1780: checking for a BSD-compatible install
configure:1848: result: /usr/bin/install -c
configure:1859: checking whether build environment is sane
configure:1914: result: yes
configure:2065: checking for a thread-safe mkdir -p
configure:2104: result: /bin/mkdir -p
configure:2111: checking for gawk
configure:2127: found /usr/bin/gawk
configure:2138: result: gawk
configure:2149: checking whether make sets $(MAKE)
configure:2171: result: yes
configure:2200: checking whether make supports nested variables
configure:2217: result: yes
configure:2298: checking whether make sets $(MAKE)
configure:2320: result: yes
configure:2337: checking for emacs
configure:2353: found /usr/bin/emacs
configure:2364: result: emacs
configure:2388: checking where .elc files should go
configure:2401: $EMACS -batch -q -eval '(while load-path (princ (concat (car load-path) "\n")) (setq load-path (cdr load-path)))' </dev/null >conftest.out
Loading 00debian-vars...
Loading /etc/emacs/site-start.d/50autoconf.el (source)...
Loading /etc/emacs/site-start.d/50cmake-data.el (source)...
Loading /etc/emacs/site-start.d/50dictionaries-common.el (source)...
Loading debian-ispell...
Loading /var/cache/dictionaries-common/emacsen-ispell-default.el (source)...
Loading /var/cache/dictionaries-common/emacsen-ispell-dicts.el (source)...
Loading /etc/emacs/site-start.d/50git-core.el (source)...
Loading /etc/emacs/site-start.d/50psvn.el (source)...
configure:2404: $? = 0
configure:2417: result: ${datarootdir}/emacs/site-lisp
configure:2430: checking for dvips
configure:2446: found /usr/bin/dvips
configure:2457: result: dvips
configure:2473: checking for latex
configure:2489: found /usr/bin/latex
configure:2500: result: latex
configure:2514: checking for makeinfo
configure:2532: found /usr/bin/makeinfo
configure:2545: result: /usr/bin/makeinfo
configure:2558: checking for pdflatex
configure:2574: found /usr/bin/pdflatex
configure:2585: result: pdflatex
configure:2775: checking that generated files are newer than configure
configure:2781: result: done
configure:2789: creating ./config.status

## ---------------------- ##
## Running config.status. ##
## ---------------------- ##

This file was extended by config.status, which was
generated by GNU Autoconf 2.69.  Invocation command line was

  CONFIG_FILES    = 
  CONFIG_HEADERS  = 
  CONFIG_LINKS    = 
  CONFIG_COMMANDS = 
  $ ./config.status 

on oishii

config.status:750: creating Makefile

## ---------------- ##
## Cache variables. ##
## ---------------- ##

ac_cv_env_EMACSLOADPATH_set=
ac_cv_env_EMACSLOADPATH_value=
ac_cv_env_EMACS_set=
ac_cv_env_EMACS_value=
ac_cv_env_build_alias_set=
ac_cv_env_build_alias_value=
ac_cv_env_host_alias_set=
ac_cv_env_host_alias_value=
ac_cv_env_target_alias_set=
ac_cv_env_target_alias_value=
ac_cv_path_MAKEINFO=/usr/bin/makeinfo
ac_cv_path_install='/usr/bin/install -c'
ac_cv_path_mkdir=/bin/mkdir
ac_cv_prog_AWK=gawk
ac_cv_prog_DVIPS=dvips
ac_cv_prog_EMACS=emacs
ac_cv_prog_LATEX=latex
ac_cv_prog_PDFLATEX=pdflatex
ac_cv_prog_make_make_set=yes
am_cv_lispdir='${datarootdir}/emacs/site-lisp'
am_cv_make_support_nested_variables=yes

## ----------------- ##
## Output variables. ##
## ----------------- ##

ACLOCAL='${SHELL} /home/john/Documents/school/summer-2014/performance-modeling/gnuplot-4.6.5/missing aclocal-1.13'
AMTAR='$${TAR-tar}'
AM_BACKSLASH='\'
AM_DEFAULT_V='$(AM_DEFAULT_VERBOSITY)'
AM_DEFAULT_VERBOSITY='1'
AM_V='$(V)'
AUTOCONF='${SHELL} /home/john/Documents/school/summer-2014/performance-modeling/gnuplot-4.6.5/missing autoconf'
AUTOHEADER='${SHELL} /home/john/Documents/school/summer-2014/performance-modeling/gnuplot-4.6.5/missing autoheader'
AUTOMAKE='${SHELL} /home/john/Documents/school/summer-2014/performance-modeling/gnuplot-4.6.5/missing automake-1.13'
AWK='gawk'
CYGPATH_W='echo'
DEFS='-DPACKAGE_NAME=\"\" -DPACKAGE_TARNAME=\"\" -DPACKAGE_VERSION=\"\" -DPACKAGE_STRING=\"\" -DPACKAGE_BUGREPORT=\"\" -DPACKAGE_URL=\"\" -DPACKAGE=\"gnuplot-mode\" -DVERSION=\"0.6.0\"'
DVIPS='dvips'
ECHO_C=''
ECHO_N='-n'
ECHO_T=''
EMACS='emacs'
EMACSLOADPATH=''
INSTALL_DATA='${INSTALL} -m 644'
INSTALL_LISP='install-lisp'
INSTALL_PROGRAM='${INSTALL}'
INSTALL_SCRIPT='${INSTALL}'
INSTALL_STRIP_PROGRAM='$(install_sh) -c -s'
LATEX='latex'
LIBOBJS=''
LIBS=''
LISPFILES='elcs'
LTLIBOBJS=''
MAKEINFO='/usr/bin/makeinfo'
MKDIR_P='/bin/mkdir -p'
PACKAGE='gnuplot-mode'
PACKAGE_BUGREPORT=''
PACKAGE_NAME=''
PACKAGE_STRING=''
PACKAGE_TARNAME=''
PACKAGE_URL=''
PACKAGE_VERSION=''
PATH_SEPARATOR=':'
PDFLATEX='pdflatex'
SET_MAKE=''
SHELL='/bin/bash'
STRIP=''
VERSION='0.6.0'
am__isrc=''
am__leading_dot='.'
am__tar='$${TAR-tar} chof - "$$tardir"'
am__untar='$${TAR-tar} xf -'
bindir='${exec_prefix}/bin'
build_alias=''
datadir='${datarootdir}'
datarootdir='${prefix}/share'
docdir='${datarootdir}/doc/${PACKAGE}'
dvidir='${docdir}'
exec_prefix='${prefix}'
host_alias=''
htmldir='${docdir}'
includedir='${prefix}/include'
infodir='${datarootdir}/info'
install_sh='${SHELL} /home/john/Documents/school/summer-2014/performance-modeling/gnuplot-4.6.5/install-sh'
libdir='${exec_prefix}/lib'
libexecdir='${exec_prefix}/libexec'
lispdir='${datarootdir}/emacs/site-lisp'
localedir='${datarootdir}/locale'
localstatedir='${prefix}/var'
mandir='${datarootdir}/man'
mkdir_p='$(MKDIR_P)'
oldincludedir='/usr/include'
pdfdir='${docdir}'
prefix='/usr/local'
program_transform_name='s,x,x,'
psdir='${docdir}'
sbindir='${exec_prefix}/sbin'
sharedstatedir='${prefix}/com'
sysconfdir='${prefix}/etc'
target_alias=''

## ----------- ##
## confdefs.h. ##
## ----------- ##

/* confdefs.h */
#define PACKAGE_NAME ""
#define PACKAGE_TARNAME ""
#define PACKAGE_VERSION ""
#define PACKAGE_STRING ""
#define PACKAGE_BUGREPORT ""
#define PACKAGE_URL ""
#define PACKAGE "gnuplot-mode"
#define VERSION "0.6.0"

configure: exit 0
